[debug] > Exec(run, None, None)
[debug] Evaluating tasks: Compile / run
[debug] Running task... Cancel: Signal, check cycles: false, forcegc: true
[debug] Running task... Cancel: Signal, check cycles: false, forcegc: true
[info] compiling 1 Java source to E:\SOEN-6441\FreenLanceLotProject\FreeLanceLot\target\scala-2.13\classes ...
[error] E:\SOEN-6441\FreenLanceLotProject\FreeLanceLot\app\models\BusinessLogic.java:34:1: method getJSONObject in class org.json.JSONObject cannot be applied to given types;
[error]   required: java.lang.String
[error]   found: no arguments
[error]   reason: actual and formal argument lists differ in length
[error] json.getJSONObject
[error] (Compile / compileIncremental) javac returned non-zero exit code
[debug] Running task... Cancel: Signal, check cycles: false, forcegc: true
[debug] Running task... Cancel: Signal, check cycles: false, forcegc: true
[debug] Running task... Cancel: Signal, check cycles: false, forcegc: true
[info] compiling 1 Java source to E:\SOEN-6441\FreenLanceLotProject\FreeLanceLot\target\scala-2.13\classes ...
[error] E:\SOEN-6441\FreenLanceLotProject\FreeLanceLot\app\models\BusinessLogic.java:34:1: method getJSONObject in class org.json.JSONObject cannot be applied to given types;
[error]   required: java.lang.String
[error]   found: no arguments
[error]   reason: actual and formal argument lists differ in length
[error] json.getJSONObject
[error] (Compile / compileIncremental) javac returned non-zero exit code
[debug] Running task... Cancel: Signal, check cycles: false, forcegc: true
[debug] Running task... Cancel: Signal, check cycles: false, forcegc: true
[debug] Running task... Cancel: Signal, check cycles: false, forcegc: true
[info] compiling 1 Java source to E:\SOEN-6441\FreenLanceLotProject\FreeLanceLot\target\scala-2.13\classes ...
[info] done compiling
[debug] Running task... Cancel: Signal, check cycles: false, forcegc: true
[debug] Exporting web-assets:freelancelot
[debug] Running task... Cancel: Signal, check cycles: false, forcegc: true
[debug] Running task... Cancel: Signal, check cycles: false, forcegc: true
[info] compiling 1 Java source to E:\SOEN-6441\FreenLanceLotProject\FreeLanceLot\target\scala-2.13\classes ...
[info] done compiling
[debug] Running task... Cancel: Signal, check cycles: false, forcegc: true
[debug] Exporting web-assets:freelancelot
[debug] Running task... Cancel: Signal, check cycles: false, forcegc: true
[debug] Running task... Cancel: Signal, check cycles: false, forcegc: true
[info] compiling 1 Java source to E:\SOEN-6441\FreenLanceLotProject\FreeLanceLot\target\scala-2.13\classes ...
[info] done compiling
[debug] Running task... Cancel: Signal, check cycles: false, forcegc: true
[debug] Exporting web-assets:freelancelot
[debug] Running task... Cancel: Signal, check cycles: false, forcegc: true
[debug] Running task... Cancel: Signal, check cycles: false, forcegc: true
[info] compiling 1 Java source to E:\SOEN-6441\FreenLanceLotProject\FreeLanceLot\target\scala-2.13\classes ...
[info] done compiling
[debug] Running task... Cancel: Signal, check cycles: false, forcegc: true
[debug] Exporting web-assets:freelancelot
[debug] Running task... Cancel: Signal, check cycles: false, forcegc: true
[debug] Running task... Cancel: Signal, check cycles: false, forcegc: true
[info] compiling 1 Java source to E:\SOEN-6441\FreenLanceLotProject\FreeLanceLot\target\scala-2.13\classes ...
[error] E:\SOEN-6441\FreenLanceLotProject\FreeLanceLot\app\models\BusinessLogic.java:34:1: incompatible types: java.lang.Object cannot be converted to java.lang.String
[error] json.getJSONObject("result").get("projects")
[error] (Compile / compileIncremental) javac returned non-zero exit code
[debug] Running task... Cancel: Signal, check cycles: false, forcegc: true
[debug] Running task... Cancel: Signal, check cycles: false, forcegc: true
[debug] Running task... Cancel: Signal, check cycles: false, forcegc: true
[info] compiling 1 Java source to E:\SOEN-6441\FreenLanceLotProject\FreeLanceLot\target\scala-2.13\classes ...
[info] done compiling
[debug] Running task... Cancel: Signal, check cycles: false, forcegc: true
[debug] Exporting web-assets:freelancelot
[debug] Running task... Cancel: Signal, check cycles: false, forcegc: true
[debug] Running task... Cancel: Signal, check cycles: false, forcegc: true
[info] compiling 1 Java source to E:\SOEN-6441\FreenLanceLotProject\FreeLanceLot\target\scala-2.13\classes ...
[error] E:\SOEN-6441\FreenLanceLotProject\FreeLanceLot\app\models\BusinessLogic.java:35:1: cannot find symbol
[error]   symbol:   class JSONArray
[error]   location: class models.BusinessLogic
[error] JSONArray
[debug] Forcing garbage collection...
[error] (Compile / compileIncremental) javac returned non-zero exit code
[debug] Running task... Cancel: Signal, check cycles: false, forcegc: true
[debug] Running task... Cancel: Signal, check cycles: false, forcegc: true
[warn] Canceling execution...
[error] Cancelled: run
[error] Cancelled: run
[error] Use 'last' for the full log.
[debug] > Exec(idea-shell, None, None)
