[debug] > Exec(jacoco, None, None)
[debug] Evaluating tasks: Test / jacoco
[debug] Running task... Cancel: Signal, check cycles: false, forcegc: true
[debug] Exporting web-assets:freelancelot
[debug] Exporting web-assets-test:freelancelot
[info] Instrumenting 36 classes to C:\Users\sanke\Downloads\Project\Freelancelot\target\scala-2.13\jacoco\instrumented-classes
[info] 
[info] ------- Jacoco Coverage Report -------
[info] 
[info] Lines: 0% (>= required 0.0%) covered, 876 of 876 missed, OK
[info] Instructions: 0% (>= required 0.0%) covered, 7026 of 7026 missed, OK
[info] Branches: 0% (>= required 0.0%) covered, 332 of 332 missed, OK
[info] Methods: 0% (>= required 0.0%) covered, 411 of 411 missed, OK
[info] Complexity: 0% (>= required 0.0%) covered, 577 of 577 missed, OK
[info] Class: 0% (>= required 0.0%) covered, 36 of 36 missed, OK
[info] 
[info] Check C:\Users\sanke\Downloads\Project\Freelancelot\target\scala-2.13\jacoco\report for detailed report
[info]  
[success] Total time: 3 s, completed 28 Mar, 2022 2:41:48 AM
[debug] > Exec(idea-shell, None, None)
