2022-04-16 11:52:57,060 [WARN] from play.api.Configuration in play-dev-mode-akka.actor.default-dispatcher-5 - application.conf @ file:/C:/SOEN-Final/FreelancelotWebSocket/target/scala-2.13/classes/application.conf: 12: session.cookieName is deprecated, use play.http.session.cookieName instead
2022-04-16 11:52:57,060 [WARN] from play.api.Configuration in play-dev-mode-akka.actor.default-dispatcher-5 - application.conf @ file:/C:/SOEN-Final/FreelancelotWebSocket/target/scala-2.13/classes/application.conf: 15: session.secure is deprecated, use play.http.session.secure instead
2022-04-16 11:52:57,060 [WARN] from play.api.Configuration in play-dev-mode-akka.actor.default-dispatcher-5 - application.conf @ file:/C:/SOEN-Final/FreelancelotWebSocket/target/scala-2.13/classes/application.conf: 23: session.httpOnly is deprecated, use play.http.session.httpOnly instead
2022-04-16 11:52:57,160 [WARN] from play.filters.headers.SecurityHeadersConfig in play-dev-mode-akka.actor.default-dispatcher-5 - play.filters.headers.contentSecurityPolicy is deprecated in 2.7.0.  Please use play.filters.csp.CSPFilter instead.
2022-04-16 11:52:57,169 [INFO] from play.api.http.EnabledFilters in play-dev-mode-akka.actor.default-dispatcher-5 - Enabled Filters (see <https://www.playframework.com/documentation/latest/Filters>):

    play.filters.csrf.CSRFFilter
    play.filters.headers.SecurityHeadersFilter
    play.filters.hosts.AllowedHostsFilter

2022-04-16 11:52:57,244 [INFO] from play.api.Play in play-dev-mode-akka.actor.default-dispatcher-5 - Application started (Dev) (no global state)
2022-04-16 11:52:57,560 [WARN] from play.api.mvc.DefaultJWTCookieDataCodec in application-akka.actor.default-dispatcher-9 - decode: cookie has invalid signature! message = JWT signature does not match locally computed signature. JWT validity cannot be asserted and should not be trusted.
2022-04-16 11:52:57,562 [INFO] from play.api.mvc.DefaultJWTCookieDataCodec in application-akka.actor.default-dispatcher-9 - The JWT signature in the cookie does not match the locally computed signature with the server. This usually indicates the browser has a leftover cookie from another Play application, so clearing cookies may resolve this error message.
2022-04-16 11:52:57,823 [WARN] from play.api.mvc.DefaultJWTCookieDataCodec in application-akka.actor.default-dispatcher-8 - decode: cookie has invalid signature! message = JWT signature does not match locally computed signature. JWT validity cannot be asserted and should not be trusted.
2022-04-16 11:52:57,823 [INFO] from play.api.mvc.DefaultJWTCookieDataCodec in application-akka.actor.default-dispatcher-8 - The JWT signature in the cookie does not match the locally computed signature with the server. This usually indicates the browser has a leftover cookie from another Play application, so clearing cookies may resolve this error message.
2022-04-16 11:52:57,824 [WARN] from play.api.mvc.DefaultJWTCookieDataCodec in application-akka.actor.default-dispatcher-9 - decode: cookie has invalid signature! message = JWT signature does not match locally computed signature. JWT validity cannot be asserted and should not be trusted.
2022-04-16 11:52:57,824 [INFO] from play.api.mvc.DefaultJWTCookieDataCodec in application-akka.actor.default-dispatcher-9 - The JWT signature in the cookie does not match the locally computed signature with the server. This usually indicates the browser has a leftover cookie from another Play application, so clearing cookies may resolve this error message.
2022-04-16 11:53:58,171 [ERROR] from play.core.server.common.WebSocketFlowHandler in play-dev-mode-akka.actor.default-dispatcher-29 - WebSocket flow threw exception
java.util.concurrent.ExecutionException: akka.pattern.AskTimeoutException: Ask timed out on [Actor[akka://application/user/supervisingActor#-1389292258]] after [6000 ms]. Message of type [actors.FreelancelotActor$callFreelancelotAPI]. A typical reason for `AskTimeoutException` is that the recipient actor didn't send a reply.
	at java.util.concurrent.CompletableFuture.reportGet(CompletableFuture.java:357)
	at java.util.concurrent.CompletableFuture.get(CompletableFuture.java:1895)
	at akka.stream.javadsl.Source.$anonfun$map$1(Source.scala:1991)
	at akka.stream.impl.fusing.Map$$anon$1.onPush(Ops.scala:52)
	at akka.stream.impl.fusing.GraphInterpreter.processPush(GraphInterpreter.scala:542)
	at akka.stream.impl.fusing.GraphInterpreter.processEvent(GraphInterpreter.scala:496)
	at akka.stream.impl.fusing.GraphInterpreter.execute(GraphInterpreter.scala:390)
	at akka.stream.impl.fusing.GraphInterpreterShell.runBatch(ActorGraphInterpreter.scala:650)
	at akka.stream.impl.fusing.GraphInterpreterShell$AsyncInput.execute(ActorGraphInterpreter.scala:521)
	at akka.stream.impl.fusing.GraphInterpreterShell.processEvent(ActorGraphInterpreter.scala:625)
	at akka.stream.impl.fusing.ActorGraphInterpreter.akka$stream$impl$fusing$ActorGraphInterpreter$$processEvent(ActorGraphInterpreter.scala:800)
	at akka.stream.impl.fusing.ActorGraphInterpreter$$anonfun$receive$1.applyOrElse(ActorGraphInterpreter.scala:818)
	at akka.actor.Actor.aroundReceive(Actor.scala:537)
	at akka.actor.Actor.aroundReceive$(Actor.scala:535)
	at akka.stream.impl.fusing.ActorGraphInterpreter.aroundReceive(ActorGraphInterpreter.scala:716)
	at akka.actor.ActorCell.receiveMessage(ActorCell.scala:580)
	at akka.actor.ActorCell.invoke(ActorCell.scala:548)
	at akka.dispatch.Mailbox.processMailbox(Mailbox.scala:270)
	at akka.dispatch.Mailbox.run(Mailbox.scala:231)
	at akka.dispatch.Mailbox.exec(Mailbox.scala:243)
	at java.util.concurrent.ForkJoinTask.doExec(ForkJoinTask.java:289)
	at java.util.concurrent.ForkJoinPool$WorkQueue.runTask(ForkJoinPool.java:1056)
	at java.util.concurrent.ForkJoinPool.runWorker(ForkJoinPool.java:1692)
	at java.util.concurrent.ForkJoinWorkerThread.run(ForkJoinWorkerThread.java:157)
Caused by: akka.pattern.AskTimeoutException: Ask timed out on [Actor[akka://application/user/supervisingActor#-1389292258]] after [6000 ms]. Message of type [actors.FreelancelotActor$callFreelancelotAPI]. A typical reason for `AskTimeoutException` is that the recipient actor didn't send a reply.
2022-04-16 11:56:43,588 [INFO] from play.api.internal.libs.concurrent.CoordinatedShutdownSupport in pool-22-thread-8 - Starting synchronous coordinated shutdown with ServerStoppedReason reason and 35000 milliseconds timeout
2022-04-16 11:56:43,591 [INFO] from play.core.server.AkkaHttpServer in pool-22-thread-8 - Stopping Akka HTTP server...
2022-04-16 11:56:43,633 [INFO] from play.core.server.AkkaHttpServer in play-dev-mode-akka.actor.internal-dispatcher-24 - Terminating server binding for /0:0:0:0:0:0:0:0:9000
2022-04-16 11:56:43,806 [INFO] from play.core.server.AkkaHttpServer in play-dev-mode-akka.actor.internal-dispatcher-24 - Running provided shutdown stop hooks
