[debug] > Exec(run, None, None)
[debug] Evaluating tasks: Compile / run
[debug] Running task... Cancel: Signal, check cycles: false, forcegc: true
[error] akka.stream.impl.io.ConnectionSourceStage$$anon$1$$anon$2: Bind failed because of java.net.BindException: [/0.0.0.0:9000] Address already in use: bind
[error] Caused by: java.net.BindException: [/0.0.0.0:9000] Address already in use: bind
[error] 	at sun.nio.ch.Net.bind0(Native Method)
[error] 	at sun.nio.ch.Net.bind(Net.java:461)
[error] 	at sun.nio.ch.Net.bind(Net.java:453)
[error] 	at sun.nio.ch.ServerSocketChannelImpl.bind(ServerSocketChannelImpl.java:222)
[error] 	at sun.nio.ch.ServerSocketAdaptor.bind(ServerSocketAdaptor.java:85)
[error] 	at akka.io.TcpListener.liftedTree1$1(TcpListener.scala:60)
[error] 	at akka.io.TcpListener.<init>(TcpListener.scala:57)
[error] 	at sun.reflect.NativeConstructorAccessorImpl.newInstance0(Native Method)
[error] 	at sun.reflect.NativeConstructorAccessorImpl.newInstance(NativeConstructorAccessorImpl.java:62)
[error] 	at sun.reflect.DelegatingConstructorAccessorImpl.newInstance(DelegatingConstructorAccessorImpl.java:45)
[error] 	at java.lang.reflect.Constructor.newInstance(Constructor.java:423)
[error] 	at akka.util.Reflect$.instantiate(Reflect.scala:73)
[error] 	at akka.actor.ArgsReflectConstructor.produce(IndirectActorProducer.scala:101)
[error] 	at akka.actor.Props.newActor(Props.scala:226)
[error] 	at akka.actor.ActorCell.newActor(ActorCell.scala:616)
[error] 	at akka.actor.ActorCell.create(ActorCell.scala:643)
[error] 	at akka.actor.ActorCell.invokeAll$1(ActorCell.scala:514)
[error] 	at akka.actor.ActorCell.systemInvoke(ActorCell.scala:536)
[error] 	at akka.dispatch.Mailbox.processAllSystemMessages(Mailbox.scala:295)
[error] 	at akka.dispatch.Mailbox.run(Mailbox.scala:230)
[error] 	at akka.dispatch.Mailbox.exec(Mailbox.scala:243)
[error] 	at java.util.concurrent.ForkJoinTask.doExec(ForkJoinTask.java:289)
[error] 	at java.util.concurrent.ForkJoinPool$WorkQueue.runTask(ForkJoinPool.java:1056)
[error] 	at java.util.concurrent.ForkJoinPool.runWorker(ForkJoinPool.java:1692)
[error] 	at java.util.concurrent.ForkJoinWorkerThread.run(ForkJoinWorkerThread.java:175)
[error] (Compile / run) java.lang.reflect.InvocationTargetException
[error] Total time: 2 s, completed 28 Mar, 2022 3:40:44 PM
[debug] > Exec(idea-shell, None, None)
